{
  "0 debug pnpm:scope": {
    "selected": 1,
    "workspacePrefix": "/Users/sirily11/Desktop/flightsafe/frontend"
  },
  "1 error pnpm": {
    "code": "ELIFECYCLE",
    "errno": "ENOENT",
    "syscall": "spawn",
    "file": "sh",
    "pkgid": "frontend@1.2.1",
    "stage": "dev",
    "script": "turbo run dev",
    "pkgname": "frontend",
    "err": {
      "name": "pnpm",
      "message": "frontend@1.2.1 dev: `turbo run dev`\nspawn ENOENT",
      "code": "ELIFECYCLE",
      "stack": "pnpm: frontend@1.2.1 dev: `turbo run dev`\nspawn ENOENT\n    at ChildProcess.<anonymous> (/snapshot/dist/pnpm.cjs)\n    at ChildProcess.emit (events.js:376:20)\n    at maybeClose (internal/child_process.js:1055:16)\n    at Process.ChildProcess._handle.onexit (internal/child_process.js:288:5)"
    }
  },
  "2 warn pnpm:global": " Local package.json exists, but node_modules missing, did you mean to install?"
}